# Logfile created on 2014-01-17 13:36:06 -0500 by logger.rb/31641
I, [2014-01-17T13:36:06.988729 #340695]  INFO -- : 0:  blankslate (2.1.2.4) from /var/lib/stickshift/52d7c5654382ec93df000204/app-root/data/lib/ruby/gems/specifications/blankslate-2.1.2.4.gemspec
I, [2014-01-17T13:36:06.989869 #340695]  INFO -- : 0:  sass (3.2.13) from /usr/libexec/openshift/cartridges/c9-0.1/root/lib/ruby/gems/specifications/sass-3.2.13.gemspec
I, [2014-01-17T13:36:06.999471 #340695]  INFO -- : 0:  thor (0.18.1) from /usr/libexec/openshift/cartridges/c9-0.1/root/lib/ruby/gems/specifications/thor-0.18.1.gemspec
I, [2014-01-17T13:36:07.000287 #340695]  INFO -- : 0:  bourbon (3.1.8) from /var/lib/stickshift/52d7c5654382ec93df000204/app-root/data/lib/ruby/gems/specifications/bourbon-3.1.8.gemspec
I, [2014-01-17T13:36:07.005787 #340695]  INFO -- : 0:  fast-stemmer (1.0.2) from /var/lib/stickshift/52d7c5654382ec93df000204/app-root/data/lib/ruby/gems/specifications/fast-stemmer-1.0.2.gemspec
I, [2014-01-17T13:36:07.215972 #340695]  INFO -- : 0:  classifier (1.3.4) from /var/lib/stickshift/52d7c5654382ec93df000204/app-root/data/lib/ruby/gems/specifications/classifier-1.3.4.gemspec
I, [2014-01-17T13:36:07.297150 #340695]  INFO -- : 0:  colorator (0.1) from /var/lib/stickshift/52d7c5654382ec93df000204/app-root/data/lib/ruby/gems/specifications/colorator-0.1.gemspec
I, [2014-01-17T13:36:07.298042 #340695]  INFO -- : 0:  highline (1.6.20) from /usr/libexec/openshift/cartridges/c9-0.1/root/lib/ruby/gems/specifications/highline-1.6.20.gemspec
I, [2014-01-17T13:36:07.308062 #340695]  INFO -- : 0:  commander (4.1.5) from /usr/libexec/openshift/cartridges/c9-0.1/root/lib/ruby/gems/specifications/commander-4.1.5.gemspec
I, [2014-01-17T13:36:07.308935 #340695]  INFO -- : 0:  ffi (1.9.3) from /var/lib/stickshift/52d7c5654382ec93df000204/app-root/data/lib/ruby/gems/specifications/ffi-1.9.3.gemspec
I, [2014-01-17T13:36:07.319182 #340695]  INFO -- : 0:  liquid (2.5.5) from /var/lib/stickshift/52d7c5654382ec93df000204/app-root/data/lib/ruby/gems/specifications/liquid-2.5.5.gemspec
I, [2014-01-17T13:36:07.345621 #340695]  INFO -- : 0:  rb-fsevent (0.9.4) from /var/lib/stickshift/52d7c5654382ec93df000204/app-root/data/lib/ruby/gems/specifications/rb-fsevent-0.9.4.gemspec
I, [2014-01-17T13:36:07.352774 #340695]  INFO -- : 0:  rb-inotify (0.9.3) from /var/lib/stickshift/52d7c5654382ec93df000204/app-root/data/lib/ruby/gems/specifications/rb-inotify-0.9.3.gemspec
I, [2014-01-17T13:36:07.368431 #340695]  INFO -- : 0:  rb-kqueue (0.2.0) from /var/lib/stickshift/52d7c5654382ec93df000204/app-root/data/lib/ruby/gems/specifications/rb-kqueue-0.2.0.gemspec
I, [2014-01-17T13:36:07.369286 #340695]  INFO -- : 0:  listen (1.3.1) from /var/lib/stickshift/52d7c5654382ec93df000204/app-root/data/lib/ruby/gems/specifications/listen-1.3.1.gemspec
I, [2014-01-17T13:36:07.387798 #340695]  INFO -- : 0:  maruku (0.7.1) from /var/lib/stickshift/52d7c5654382ec93df000204/app-root/data/lib/ruby/gems/specifications/maruku-0.7.1.gemspec
I, [2014-01-17T13:36:07.398834 #340695]  INFO -- : 0:  posix-spawn (0.3.8) from /var/lib/stickshift/52d7c5654382ec93df000204/app-root/data/lib/ruby/gems/specifications/posix-spawn-0.3.8.gemspec
I, [2014-01-17T13:36:07.415213 #340695]  INFO -- : 0:  yajl-ruby (1.1.0) from /var/lib/stickshift/52d7c5654382ec93df000204/app-root/data/lib/ruby/gems/specifications/yajl-ruby-1.1.0.gemspec
I, [2014-01-17T13:36:07.415993 #340695]  INFO -- : 0:  pygments.rb (0.5.4) from /var/lib/stickshift/52d7c5654382ec93df000204/app-root/data/lib/ruby/gems/specifications/pygments.rb-0.5.4.gemspec
I, [2014-01-17T13:36:07.433183 #340695]  INFO -- : 0:  redcarpet (2.3.0) from /var/lib/stickshift/52d7c5654382ec93df000204/app-root/data/lib/ruby/gems/specifications/redcarpet-2.3.0.gemspec
I, [2014-01-17T13:36:07.433967 #340695]  INFO -- : 0:  safe_yaml (0.9.7) from /var/lib/stickshift/52d7c5654382ec93df000204/app-root/data/lib/ruby/gems/specifications/safe_yaml-0.9.7.gemspec
I, [2014-01-17T13:36:07.444031 #340695]  INFO -- : 0:  parslet (1.5.0) from /var/lib/stickshift/52d7c5654382ec93df000204/app-root/data/lib/ruby/gems/specifications/parslet-1.5.0.gemspec
I, [2014-01-17T13:36:07.444857 #340695]  INFO -- : 0:  toml (0.1.0) from /var/lib/stickshift/52d7c5654382ec93df000204/app-root/data/lib/ruby/gems/specifications/toml-0.1.0.gemspec
I, [2014-01-17T13:36:07.521079 #340695]  INFO -- : 0:  jekyll (1.4.3) from /var/lib/stickshift/52d7c5654382ec93df000204/app-root/data/lib/ruby/gems/specifications/jekyll-1.4.3.gemspec
I, [2014-01-17T13:36:11.641445 #340695]  INFO -- : 0:  jekyll-sass (1.2.1) from /var/lib/stickshift/52d7c5654382ec93df000204/app-root/data/lib/ruby/gems/specifications/jekyll-sass-1.2.1.gemspec
I, [2014-01-17T13:36:11.642557 #340695]  INFO -- : 0:  neat (1.5.0) from /var/lib/stickshift/52d7c5654382ec93df000204/app-root/data/lib/ruby/gems/specifications/neat-1.5.0.gemspec
I, [2014-01-17T13:36:11.647713 #340695]  INFO -- : 0:  bundler (1.5.1) from /usr/libexec/openshift/cartridges/c9-0.1/root/lib/ruby/gems/specifications/bundler-1.5.1.gemspec
I, [2014-01-17T13:38:22.171389 #344416]  INFO -- : 0:  blankslate (2.1.2.4) from /var/lib/stickshift/52d7c5654382ec93df000204/app-root/data/lib/ruby/gems/specifications/blankslate-2.1.2.4.gemspec
I, [2014-01-17T13:38:22.172404 #344416]  INFO -- : 0:  sass (3.2.13) from /usr/libexec/openshift/cartridges/c9-0.1/root/lib/ruby/gems/specifications/sass-3.2.13.gemspec
I, [2014-01-17T13:38:22.173633 #344416]  INFO -- : 0:  thor (0.18.1) from /usr/libexec/openshift/cartridges/c9-0.1/root/lib/ruby/gems/specifications/thor-0.18.1.gemspec
I, [2014-01-17T13:38:22.174288 #344416]  INFO -- : 0:  bourbon (3.1.8) from /var/lib/stickshift/52d7c5654382ec93df000204/app-root/data/lib/ruby/gems/specifications/bourbon-3.1.8.gemspec
I, [2014-01-17T13:38:22.175125 #344416]  INFO -- : 0:  fast-stemmer (1.0.2) from /var/lib/stickshift/52d7c5654382ec93df000204/app-root/data/lib/ruby/gems/specifications/fast-stemmer-1.0.2.gemspec
I, [2014-01-17T13:38:22.177156 #344416]  INFO -- : 0:  classifier (1.3.4) from /var/lib/stickshift/52d7c5654382ec93df000204/app-root/data/lib/ruby/gems/specifications/classifier-1.3.4.gemspec
I, [2014-01-17T13:38:22.178031 #344416]  INFO -- : 0:  colorator (0.1) from /var/lib/stickshift/52d7c5654382ec93df000204/app-root/data/lib/ruby/gems/specifications/colorator-0.1.gemspec
I, [2014-01-17T13:38:22.178979 #344416]  INFO -- : 0:  highline (1.6.20) from /usr/libexec/openshift/cartridges/c9-0.1/root/lib/ruby/gems/specifications/highline-1.6.20.gemspec
I, [2014-01-17T13:38:22.180191 #344416]  INFO -- : 0:  commander (4.1.5) from /usr/libexec/openshift/cartridges/c9-0.1/root/lib/ruby/gems/specifications/commander-4.1.5.gemspec
I, [2014-01-17T13:38:22.180994 #344416]  INFO -- : 0:  ffi (1.9.3) from /var/lib/stickshift/52d7c5654382ec93df000204/app-root/data/lib/ruby/gems/specifications/ffi-1.9.3.gemspec
I, [2014-01-17T13:38:22.181812 #344416]  INFO -- : 0:  liquid (2.5.5) from /var/lib/stickshift/52d7c5654382ec93df000204/app-root/data/lib/ruby/gems/specifications/liquid-2.5.5.gemspec
I, [2014-01-17T13:38:22.182970 #344416]  INFO -- : 0:  rb-fsevent (0.9.4) from /var/lib/stickshift/52d7c5654382ec93df000204/app-root/data/lib/ruby/gems/specifications/rb-fsevent-0.9.4.gemspec
I, [2014-01-17T13:38:22.183791 #344416]  INFO -- : 0:  rb-inotify (0.9.3) from /var/lib/stickshift/52d7c5654382ec93df000204/app-root/data/lib/ruby/gems/specifications/rb-inotify-0.9.3.gemspec
I, [2014-01-17T13:38:22.184712 #344416]  INFO -- : 0:  rb-kqueue (0.2.0) from /var/lib/stickshift/52d7c5654382ec93df000204/app-root/data/lib/ruby/gems/specifications/rb-kqueue-0.2.0.gemspec
I, [2014-01-17T13:38:22.185386 #344416]  INFO -- : 0:  listen (1.3.1) from /var/lib/stickshift/52d7c5654382ec93df000204/app-root/data/lib/ruby/gems/specifications/listen-1.3.1.gemspec
I, [2014-01-17T13:38:22.186383 #344416]  INFO -- : 0:  maruku (0.7.1) from /var/lib/stickshift/52d7c5654382ec93df000204/app-root/data/lib/ruby/gems/specifications/maruku-0.7.1.gemspec
I, [2014-01-17T13:38:22.187387 #344416]  INFO -- : 0:  posix-spawn (0.3.8) from /var/lib/stickshift/52d7c5654382ec93df000204/app-root/data/lib/ruby/gems/specifications/posix-spawn-0.3.8.gemspec
I, [2014-01-17T13:38:22.188185 #344416]  INFO -- : 0:  yajl-ruby (1.1.0) from /var/lib/stickshift/52d7c5654382ec93df000204/app-root/data/lib/ruby/gems/specifications/yajl-ruby-1.1.0.gemspec
I, [2014-01-17T13:38:22.193033 #344416]  INFO -- : 0:  pygments.rb (0.5.4) from /var/lib/stickshift/52d7c5654382ec93df000204/app-root/data/lib/ruby/gems/specifications/pygments.rb-0.5.4.gemspec
I, [2014-01-17T13:38:22.194088 #344416]  INFO -- : 0:  redcarpet (2.3.0) from /var/lib/stickshift/52d7c5654382ec93df000204/app-root/data/lib/ruby/gems/specifications/redcarpet-2.3.0.gemspec
I, [2014-01-17T13:38:22.275887 #344416]  INFO -- : 0:  safe_yaml (0.9.7) from /var/lib/stickshift/52d7c5654382ec93df000204/app-root/data/lib/ruby/gems/specifications/safe_yaml-0.9.7.gemspec
I, [2014-01-17T13:38:22.279215 #344416]  INFO -- : 0:  parslet (1.5.0) from /var/lib/stickshift/52d7c5654382ec93df000204/app-root/data/lib/ruby/gems/specifications/parslet-1.5.0.gemspec
I, [2014-01-17T13:38:22.280076 #344416]  INFO -- : 0:  toml (0.1.0) from /var/lib/stickshift/52d7c5654382ec93df000204/app-root/data/lib/ruby/gems/specifications/toml-0.1.0.gemspec
I, [2014-01-17T13:38:22.280885 #344416]  INFO -- : 0:  jekyll (1.4.3) from /var/lib/stickshift/52d7c5654382ec93df000204/app-root/data/lib/ruby/gems/specifications/jekyll-1.4.3.gemspec
I, [2014-01-17T13:38:22.282218 #344416]  INFO -- : 0:  jekyll-sass (1.2.1) from /var/lib/stickshift/52d7c5654382ec93df000204/app-root/data/lib/ruby/gems/specifications/jekyll-sass-1.2.1.gemspec
I, [2014-01-17T13:38:22.283223 #344416]  INFO -- : 0:  neat (1.5.0) from /var/lib/stickshift/52d7c5654382ec93df000204/app-root/data/lib/ruby/gems/specifications/neat-1.5.0.gemspec
I, [2014-01-17T13:38:22.283993 #344416]  INFO -- : 0:  bundler (1.5.1) from /usr/libexec/openshift/cartridges/c9-0.1/root/lib/ruby/gems/specifications/bundler-1.5.1.gemspec
I, [2014-01-21T13:33:32.382222 #65416]  INFO -- : 0:  blankslate (2.1.2.4) from /var/lib/stickshift/52d7c5654382ec93df000204/app-root/data/lib/ruby/gems/specifications/blankslate-2.1.2.4.gemspec
I, [2014-01-21T13:33:32.550839 #65416]  INFO -- : 0:  sass (3.2.13) from /usr/libexec/openshift/cartridges/c9-0.1/root/lib/ruby/gems/specifications/sass-3.2.13.gemspec
I, [2014-01-21T13:33:32.573598 #65416]  INFO -- : 0:  thor (0.18.1) from /usr/libexec/openshift/cartridges/c9-0.1/root/lib/ruby/gems/specifications/thor-0.18.1.gemspec
I, [2014-01-21T13:33:32.574376 #65416]  INFO -- : 0:  bourbon (3.1.8) from /var/lib/stickshift/52d7c5654382ec93df000204/app-root/data/lib/ruby/gems/specifications/bourbon-3.1.8.gemspec
I, [2014-01-21T13:33:32.609253 #65416]  INFO -- : 0:  fast-stemmer (1.0.2) from /var/lib/stickshift/52d7c5654382ec93df000204/app-root/data/lib/ruby/gems/specifications/fast-stemmer-1.0.2.gemspec
I, [2014-01-21T13:33:32.610267 #65416]  INFO -- : 0:  classifier (1.3.4) from /var/lib/stickshift/52d7c5654382ec93df000204/app-root/data/lib/ruby/gems/specifications/classifier-1.3.4.gemspec
I, [2014-01-21T13:33:32.632958 #65416]  INFO -- : 0:  colorator (0.1) from /var/lib/stickshift/52d7c5654382ec93df000204/app-root/data/lib/ruby/gems/specifications/colorator-0.1.gemspec
I, [2014-01-21T13:33:32.643201 #65416]  INFO -- : 0:  highline (1.6.20) from /usr/libexec/openshift/cartridges/c9-0.1/root/lib/ruby/gems/specifications/highline-1.6.20.gemspec
I, [2014-01-21T13:33:32.644196 #65416]  INFO -- : 0:  commander (4.1.5) from /usr/libexec/openshift/cartridges/c9-0.1/root/lib/ruby/gems/specifications/commander-4.1.5.gemspec
I, [2014-01-21T13:33:32.673718 #65416]  INFO -- : 0:  ffi (1.9.3) from /var/lib/stickshift/52d7c5654382ec93df000204/app-root/data/lib/ruby/gems/specifications/ffi-1.9.3.gemspec
I, [2014-01-21T13:33:32.780682 #65416]  INFO -- : 0:  liquid (2.5.5) from /var/lib/stickshift/52d7c5654382ec93df000204/app-root/data/lib/ruby/gems/specifications/liquid-2.5.5.gemspec
I, [2014-01-21T13:33:32.781648 #65416]  INFO -- : 0:  rb-fsevent (0.9.4) from /var/lib/stickshift/52d7c5654382ec93df000204/app-root/data/lib/ruby/gems/specifications/rb-fsevent-0.9.4.gemspec
I, [2014-01-21T13:33:32.782294 #65416]  INFO -- : 0:  rb-inotify (0.9.3) from /var/lib/stickshift/52d7c5654382ec93df000204/app-root/data/lib/ruby/gems/specifications/rb-inotify-0.9.3.gemspec
I, [2014-01-21T13:33:32.824878 #65416]  INFO -- : 0:  rb-kqueue (0.2.0) from /var/lib/stickshift/52d7c5654382ec93df000204/app-root/data/lib/ruby/gems/specifications/rb-kqueue-0.2.0.gemspec
I, [2014-01-21T13:33:32.849968 #65416]  INFO -- : 0:  listen (1.3.1) from /var/lib/stickshift/52d7c5654382ec93df000204/app-root/data/lib/ruby/gems/specifications/listen-1.3.1.gemspec
I, [2014-01-21T13:33:32.865484 #65416]  INFO -- : 0:  maruku (0.7.1) from /var/lib/stickshift/52d7c5654382ec93df000204/app-root/data/lib/ruby/gems/specifications/maruku-0.7.1.gemspec
I, [2014-01-21T13:33:32.866227 #65416]  INFO -- : 0:  posix-spawn (0.3.8) from /var/lib/stickshift/52d7c5654382ec93df000204/app-root/data/lib/ruby/gems/specifications/posix-spawn-0.3.8.gemspec
I, [2014-01-21T13:33:32.890224 #65416]  INFO -- : 0:  yajl-ruby (1.1.0) from /var/lib/stickshift/52d7c5654382ec93df000204/app-root/data/lib/ruby/gems/specifications/yajl-ruby-1.1.0.gemspec
I, [2014-01-21T13:33:32.960764 #65416]  INFO -- : 0:  pygments.rb (0.5.4) from /var/lib/stickshift/52d7c5654382ec93df000204/app-root/data/lib/ruby/gems/specifications/pygments.rb-0.5.4.gemspec
I, [2014-01-21T13:33:32.990325 #65416]  INFO -- : 0:  redcarpet (2.3.0) from /var/lib/stickshift/52d7c5654382ec93df000204/app-root/data/lib/ruby/gems/specifications/redcarpet-2.3.0.gemspec
I, [2014-01-21T13:33:32.991394 #65416]  INFO -- : 0:  safe_yaml (0.9.7) from /var/lib/stickshift/52d7c5654382ec93df000204/app-root/data/lib/ruby/gems/specifications/safe_yaml-0.9.7.gemspec
I, [2014-01-21T13:33:32.992335 #65416]  INFO -- : 0:  parslet (1.5.0) from /var/lib/stickshift/52d7c5654382ec93df000204/app-root/data/lib/ruby/gems/specifications/parslet-1.5.0.gemspec
I, [2014-01-21T13:33:33.005230 #65416]  INFO -- : 0:  toml (0.1.0) from /var/lib/stickshift/52d7c5654382ec93df000204/app-root/data/lib/ruby/gems/specifications/toml-0.1.0.gemspec
I, [2014-01-21T13:33:33.031028 #65416]  INFO -- : 0:  jekyll (1.4.3) from /var/lib/stickshift/52d7c5654382ec93df000204/app-root/data/lib/ruby/gems/specifications/jekyll-1.4.3.gemspec
I, [2014-01-21T13:33:33.032833 #65416]  INFO -- : 0:  jekyll-sass (1.2.1) from /var/lib/stickshift/52d7c5654382ec93df000204/app-root/data/lib/ruby/gems/specifications/jekyll-sass-1.2.1.gemspec
I, [2014-01-21T13:33:33.044934 #65416]  INFO -- : 0:  neat (1.5.0) from /var/lib/stickshift/52d7c5654382ec93df000204/app-root/data/lib/ruby/gems/specifications/neat-1.5.0.gemspec
I, [2014-01-21T13:33:33.062796 #65416]  INFO -- : 0:  bundler (1.5.1) from /usr/libexec/openshift/cartridges/c9-0.1/root/lib/ruby/gems/specifications/bundler-1.5.1.gemspec
I, [2014-01-23T09:52:18.382272 #177862]  INFO -- : 0:  blankslate (2.1.2.4) from /var/lib/stickshift/52d7c5654382ec93df000204/app-root/data/lib/ruby/gems/specifications/blankslate-2.1.2.4.gemspec
I, [2014-01-23T09:52:18.396113 #177862]  INFO -- : 0:  sass (3.2.13) from /usr/libexec/openshift/cartridges/c9-0.1/root/lib/ruby/gems/specifications/sass-3.2.13.gemspec
I, [2014-01-23T09:52:18.396717 #177862]  INFO -- : 0:  thor (0.18.1) from /usr/libexec/openshift/cartridges/c9-0.1/root/lib/ruby/gems/specifications/thor-0.18.1.gemspec
I, [2014-01-23T09:52:18.397264 #177862]  INFO -- : 0:  bourbon (3.1.8) from /var/lib/stickshift/52d7c5654382ec93df000204/app-root/data/lib/ruby/gems/specifications/bourbon-3.1.8.gemspec
I, [2014-01-23T09:52:18.397873 #177862]  INFO -- : 0:  fast-stemmer (1.0.2) from /var/lib/stickshift/52d7c5654382ec93df000204/app-root/data/lib/ruby/gems/specifications/fast-stemmer-1.0.2.gemspec
I, [2014-01-23T09:52:18.398430 #177862]  INFO -- : 0:  classifier (1.3.4) from /var/lib/stickshift/52d7c5654382ec93df000204/app-root/data/lib/ruby/gems/specifications/classifier-1.3.4.gemspec
I, [2014-01-23T09:52:18.399064 #177862]  INFO -- : 0:  colorator (0.1) from /var/lib/stickshift/52d7c5654382ec93df000204/app-root/data/lib/ruby/gems/specifications/colorator-0.1.gemspec
I, [2014-01-23T09:52:18.399762 #177862]  INFO -- : 0:  highline (1.6.20) from /usr/libexec/openshift/cartridges/c9-0.1/root/lib/ruby/gems/specifications/highline-1.6.20.gemspec
I, [2014-01-23T09:52:18.401972 #177862]  INFO -- : 0:  commander (4.1.5) from /usr/libexec/openshift/cartridges/c9-0.1/root/lib/ruby/gems/specifications/commander-4.1.5.gemspec
I, [2014-01-23T09:52:18.402650 #177862]  INFO -- : 0:  ffi (1.9.3) from /var/lib/stickshift/52d7c5654382ec93df000204/app-root/data/lib/ruby/gems/specifications/ffi-1.9.3.gemspec
I, [2014-01-23T09:52:18.403190 #177862]  INFO -- : 0:  liquid (2.5.5) from /var/lib/stickshift/52d7c5654382ec93df000204/app-root/data/lib/ruby/gems/specifications/liquid-2.5.5.gemspec
I, [2014-01-23T09:52:18.403810 #177862]  INFO -- : 0:  rb-fsevent (0.9.4) from /var/lib/stickshift/52d7c5654382ec93df000204/app-root/data/lib/ruby/gems/specifications/rb-fsevent-0.9.4.gemspec
I, [2014-01-23T09:52:18.404352 #177862]  INFO -- : 0:  rb-inotify (0.9.3) from /var/lib/stickshift/52d7c5654382ec93df000204/app-root/data/lib/ruby/gems/specifications/rb-inotify-0.9.3.gemspec
I, [2014-01-23T09:52:18.404972 #177862]  INFO -- : 0:  rb-kqueue (0.2.0) from /var/lib/stickshift/52d7c5654382ec93df000204/app-root/data/lib/ruby/gems/specifications/rb-kqueue-0.2.0.gemspec
I, [2014-01-23T09:52:18.405580 #177862]  INFO -- : 0:  listen (1.3.1) from /var/lib/stickshift/52d7c5654382ec93df000204/app-root/data/lib/ruby/gems/specifications/listen-1.3.1.gemspec
I, [2014-01-23T09:52:18.406123 #177862]  INFO -- : 0:  maruku (0.7.1) from /var/lib/stickshift/52d7c5654382ec93df000204/app-root/data/lib/ruby/gems/specifications/maruku-0.7.1.gemspec
I, [2014-01-23T09:52:18.406742 #177862]  INFO -- : 0:  posix-spawn (0.3.8) from /var/lib/stickshift/52d7c5654382ec93df000204/app-root/data/lib/ruby/gems/specifications/posix-spawn-0.3.8.gemspec
I, [2014-01-23T09:52:18.407280 #177862]  INFO -- : 0:  yajl-ruby (1.1.0) from /var/lib/stickshift/52d7c5654382ec93df000204/app-root/data/lib/ruby/gems/specifications/yajl-ruby-1.1.0.gemspec
I, [2014-01-23T09:52:18.407974 #177862]  INFO -- : 0:  pygments.rb (0.5.4) from /var/lib/stickshift/52d7c5654382ec93df000204/app-root/data/lib/ruby/gems/specifications/pygments.rb-0.5.4.gemspec
I, [2014-01-23T09:52:18.418641 #177862]  INFO -- : 0:  redcarpet (2.3.0) from /var/lib/stickshift/52d7c5654382ec93df000204/app-root/data/lib/ruby/gems/specifications/redcarpet-2.3.0.gemspec
I, [2014-01-23T09:52:18.419257 #177862]  INFO -- : 0:  safe_yaml (0.9.7) from /var/lib/stickshift/52d7c5654382ec93df000204/app-root/data/lib/ruby/gems/specifications/safe_yaml-0.9.7.gemspec
I, [2014-01-23T09:52:18.419840 #177862]  INFO -- : 0:  parslet (1.5.0) from /var/lib/stickshift/52d7c5654382ec93df000204/app-root/data/lib/ruby/gems/specifications/parslet-1.5.0.gemspec
I, [2014-01-23T09:52:18.420376 #177862]  INFO -- : 0:  toml (0.1.0) from /var/lib/stickshift/52d7c5654382ec93df000204/app-root/data/lib/ruby/gems/specifications/toml-0.1.0.gemspec
I, [2014-01-23T09:52:18.420968 #177862]  INFO -- : 0:  jekyll (1.4.3) from /var/lib/stickshift/52d7c5654382ec93df000204/app-root/data/lib/ruby/gems/specifications/jekyll-1.4.3.gemspec
I, [2014-01-23T09:52:18.448849 #177862]  INFO -- : 0:  jekyll-sass (1.2.1) from /var/lib/stickshift/52d7c5654382ec93df000204/app-root/data/lib/ruby/gems/specifications/jekyll-sass-1.2.1.gemspec
I, [2014-01-23T09:52:18.449595 #177862]  INFO -- : 0:  neat (1.5.0) from /var/lib/stickshift/52d7c5654382ec93df000204/app-root/data/lib/ruby/gems/specifications/neat-1.5.0.gemspec
I, [2014-01-23T09:52:18.450169 #177862]  INFO -- : 0:  bundler (1.5.1) from /usr/libexec/openshift/cartridges/c9-0.1/root/lib/ruby/gems/specifications/bundler-1.5.1.gemspec
I, [2014-01-23T09:52:51.787849 #178360]  INFO -- : 0:  blankslate (2.1.2.4) from /var/lib/stickshift/52d7c5654382ec93df000204/app-root/data/lib/ruby/gems/specifications/blankslate-2.1.2.4.gemspec
I, [2014-01-23T09:52:51.788846 #178360]  INFO -- : 0:  sass (3.2.13) from /usr/libexec/openshift/cartridges/c9-0.1/root/lib/ruby/gems/specifications/sass-3.2.13.gemspec
I, [2014-01-23T09:52:51.789407 #178360]  INFO -- : 0:  thor (0.18.1) from /usr/libexec/openshift/cartridges/c9-0.1/root/lib/ruby/gems/specifications/thor-0.18.1.gemspec
I, [2014-01-23T09:52:51.789998 #178360]  INFO -- : 0:  bourbon (3.1.8) from /var/lib/stickshift/52d7c5654382ec93df000204/app-root/data/lib/ruby/gems/specifications/bourbon-3.1.8.gemspec
I, [2014-01-23T09:52:51.794155 #178360]  INFO -- : 0:  fast-stemmer (1.0.2) from /var/lib/stickshift/52d7c5654382ec93df000204/app-root/data/lib/ruby/gems/specifications/fast-stemmer-1.0.2.gemspec
I, [2014-01-23T09:52:51.794906 #178360]  INFO -- : 0:  classifier (1.3.4) from /var/lib/stickshift/52d7c5654382ec93df000204/app-root/data/lib/ruby/gems/specifications/classifier-1.3.4.gemspec
I, [2014-01-23T09:52:51.800709 #178360]  INFO -- : 0:  colorator (0.1) from /var/lib/stickshift/52d7c5654382ec93df000204/app-root/data/lib/ruby/gems/specifications/colorator-0.1.gemspec
I, [2014-01-23T09:52:51.845131 #178360]  INFO -- : 0:  highline (1.6.20) from /usr/libexec/openshift/cartridges/c9-0.1/root/lib/ruby/gems/specifications/highline-1.6.20.gemspec
I, [2014-01-23T09:52:51.845874 #178360]  INFO -- : 0:  commander (4.1.5) from /usr/libexec/openshift/cartridges/c9-0.1/root/lib/ruby/gems/specifications/commander-4.1.5.gemspec
I, [2014-01-23T09:52:51.852458 #178360]  INFO -- : 0:  ffi (1.9.3) from /var/lib/stickshift/52d7c5654382ec93df000204/app-root/data/lib/ruby/gems/specifications/ffi-1.9.3.gemspec
I, [2014-01-23T09:52:51.865235 #178360]  INFO -- : 0:  liquid (2.5.5) from /var/lib/stickshift/52d7c5654382ec93df000204/app-root/data/lib/ruby/gems/specifications/liquid-2.5.5.gemspec
I, [2014-01-23T09:52:51.866114 #178360]  INFO -- : 0:  rb-fsevent (0.9.4) from /var/lib/stickshift/52d7c5654382ec93df000204/app-root/data/lib/ruby/gems/specifications/rb-fsevent-0.9.4.gemspec
I, [2014-01-23T09:52:51.866911 #178360]  INFO -- : 0:  rb-inotify (0.9.3) from /var/lib/stickshift/52d7c5654382ec93df000204/app-root/data/lib/ruby/gems/specifications/rb-inotify-0.9.3.gemspec
I, [2014-01-23T09:52:51.867484 #178360]  INFO -- : 0:  rb-kqueue (0.2.0) from /var/lib/stickshift/52d7c5654382ec93df000204/app-root/data/lib/ruby/gems/specifications/rb-kqueue-0.2.0.gemspec
I, [2014-01-23T09:52:51.868174 #178360]  INFO -- : 0:  listen (1.3.1) from /var/lib/stickshift/52d7c5654382ec93df000204/app-root/data/lib/ruby/gems/specifications/listen-1.3.1.gemspec
I, [2014-01-23T09:52:51.868900 #178360]  INFO -- : 0:  maruku (0.7.1) from /var/lib/stickshift/52d7c5654382ec93df000204/app-root/data/lib/ruby/gems/specifications/maruku-0.7.1.gemspec
I, [2014-01-23T09:52:51.869464 #178360]  INFO -- : 0:  posix-spawn (0.3.8) from /var/lib/stickshift/52d7c5654382ec93df000204/app-root/data/lib/ruby/gems/specifications/posix-spawn-0.3.8.gemspec
I, [2014-01-23T09:52:51.870043 #178360]  INFO -- : 0:  yajl-ruby (1.1.0) from /var/lib/stickshift/52d7c5654382ec93df000204/app-root/data/lib/ruby/gems/specifications/yajl-ruby-1.1.0.gemspec
I, [2014-01-23T09:52:51.870736 #178360]  INFO -- : 0:  pygments.rb (0.5.4) from /var/lib/stickshift/52d7c5654382ec93df000204/app-root/data/lib/ruby/gems/specifications/pygments.rb-0.5.4.gemspec
I, [2014-01-23T09:52:51.871283 #178360]  INFO -- : 0:  redcarpet (2.3.0) from /var/lib/stickshift/52d7c5654382ec93df000204/app-root/data/lib/ruby/gems/specifications/redcarpet-2.3.0.gemspec
I, [2014-01-23T09:52:51.871875 #178360]  INFO -- : 0:  safe_yaml (0.9.7) from /var/lib/stickshift/52d7c5654382ec93df000204/app-root/data/lib/ruby/gems/specifications/safe_yaml-0.9.7.gemspec
I, [2014-01-23T09:52:51.872540 #178360]  INFO -- : 0:  parslet (1.5.0) from /var/lib/stickshift/52d7c5654382ec93df000204/app-root/data/lib/ruby/gems/specifications/parslet-1.5.0.gemspec
I, [2014-01-23T09:52:51.873105 #178360]  INFO -- : 0:  toml (0.1.0) from /var/lib/stickshift/52d7c5654382ec93df000204/app-root/data/lib/ruby/gems/specifications/toml-0.1.0.gemspec
I, [2014-01-23T09:52:51.873759 #178360]  INFO -- : 0:  jekyll (1.4.3) from /var/lib/stickshift/52d7c5654382ec93df000204/app-root/data/lib/ruby/gems/specifications/jekyll-1.4.3.gemspec
I, [2014-01-23T09:52:51.874349 #178360]  INFO -- : 0:  jekyll-sass (1.2.1) from /var/lib/stickshift/52d7c5654382ec93df000204/app-root/data/lib/ruby/gems/specifications/jekyll-sass-1.2.1.gemspec
I, [2014-01-23T09:52:51.882423 #178360]  INFO -- : 0:  neat (1.5.0) from /var/lib/stickshift/52d7c5654382ec93df000204/app-root/data/lib/ruby/gems/specifications/neat-1.5.0.gemspec
I, [2014-01-23T09:52:51.883018 #178360]  INFO -- : 0:  bundler (1.5.1) from /usr/libexec/openshift/cartridges/c9-0.1/root/lib/ruby/gems/specifications/bundler-1.5.1.gemspec
